d:\foziljonov7\dev\library\library.desktop\x64\debug\vc143.pdb
d:\foziljonov7\dev\library\library.desktop\x64\debug\.netframework,version=v4.7.2.assemblyattributes.obj
d:\foziljonov7\dev\library\library.desktop\x64\debug\mainwindow.obj
d:\foziljonov7\dev\library\library.desktop\x64\debug\myusercontrol.obj
d:\foziljonov7\dev\library\library.desktop\x64\debug\homepage.obj
d:\foziljonov7\dev\library\library.desktop\x64\debug\categorycomponent.obj
d:\foziljonov7\dev\library\library.desktop\x64\debug\createbookwindow.obj
d:\foziljonov7\dev\library\library.desktop\x64\debug\updatebookwindow.obj
d:\foziljonov7\dev\library\library.desktop\x64\debug\productcomponent.obj
d:\foziljonov7\dev\library\library.desktop\x64\debug\bookspage.obj
d:\foziljonov7\dev\library\library.desktop\x64\debug\topbookcomponent.obj
d:\foziljonov7\dev\library\x64\debug\library.desktop.exe
d:\foziljonov7\dev\library\x64\debug\library.desktop.pdb
d:\foziljonov7\dev\library\library.desktop\x64\debug\library.desktop.tlog\cl.command.1.tlog
d:\foziljonov7\dev\library\library.desktop\x64\debug\library.desktop.tlog\cl.items.tlog
d:\foziljonov7\dev\library\library.desktop\x64\debug\library.desktop.tlog\cl.read.1.tlog
d:\foziljonov7\dev\library\library.desktop\x64\debug\library.desktop.tlog\cl.write.1.tlog
d:\foziljonov7\dev\library\library.desktop\x64\debug\library.desktop.tlog\link.command.1.tlog
d:\foziljonov7\dev\library\library.desktop\x64\debug\library.desktop.tlog\link.read.1.tlog
d:\foziljonov7\dev\library\library.desktop\x64\debug\library.desktop.tlog\link.secondary.1.tlog
d:\foziljonov7\dev\library\library.desktop\x64\debug\library.desktop.tlog\link.write.1.tlog
d:\foziljonov7\dev\library\library.desktop\x64\debug\library.desktop.tlog\metagen.read.1.tlog
d:\foziljonov7\dev\library\library.desktop\x64\debug\library.desktop.tlog\metagen.write.1.tlog
d:\foziljonov7\dev\library\library.desktop\x64\debug\library.desktop.tlog\resgen.command.1.tlog
d:\foziljonov7\dev\library\library.desktop\x64\debug\library.desktop.tlog\resgen.read.1.tlog
d:\foziljonov7\dev\library\library.desktop\x64\debug\library.desktop.tlog\resgen.write.1.tlog
